#
# There is insufficient memory for the Java Runtime Environment to continue.
# Native memory allocation (malloc) failed to allocate 32744 bytes for ChunkPool::allocate
# Possible reasons:
#   The system is out of physical RAM or swap space
#   The process is running with CompressedOops enabled, and the Java Heap may be blocking the growth of the native heap
# Possible solutions:
#   Reduce memory load on the system
#   Increase physical memory or swap space
#   Check if swap backing store is full
#   Decrease Java heap size (-Xmx/-Xms)
#   Decrease number of Java threads
#   Decrease Java thread stack sizes (-Xss)
#   Set larger code cache with -XX:ReservedCodeCacheSize=
#   JVM is running with Unscaled Compressed Oops mode in which the Java heap is
#     placed in the first 4GB address space. The Java Heap base address is the
#     maximum limit for the native heap growth. Please use -XX:HeapBaseMinAddress
#     to set the Java Heap base and to place the Java Heap above 4GB virtual address.
# This output file may be truncated or incomplete.
#
#  Out of Memory Error (allocation.cpp:272), pid=16784, tid=0x0000000000000588
#
# JRE version: OpenJDK Runtime Environment (8.0_212-b04) (build 1.8.0_212-release-1586-b04)
# Java VM: OpenJDK 64-Bit Server VM (25.212-b04 mixed mode windows-amd64 compressed oops)
# Failed to write core dump. Minidumps are not enabled by default on client versions of Windows
#

---------------  T H R E A D  ---------------

Current thread (0x000000001713c800):  JavaThread "C2 CompilerThread0" daemon [_thread_in_native, id=1416, stack(0x0000000019820000,0x0000000019920000)]

Stack: [0x0000000019820000,0x0000000019920000]
[error occurred during error reporting (printing stack bounds), id 0xc0000005]

Native frames: (J=compiled Java code, j=interpreted, Vv=VM code, C=native code)


Current CompileTask:
C2:  71470 12385       4       org.objectweb.asm.ClassReader::readCode (5089 bytes)


---------------  P R O C E S S  ---------------

Java Threads: ( => current thread )
  0x000000002178c000 JavaThread "Memory manager" [_thread_blocked, id=9912, stack(0x0000000025cb0000,0x0000000025db0000)]
  0x000000002178b000 JavaThread "Cache worker for Build Output Cleanup Cache (C:\Users\Asus\Documents\2\.gradle\buildOutputCleanup)" [_thread_blocked, id=15468, stack(0x0000000024fb0000,0x00000000250b0000)]
  0x0000000021783800 JavaThread "pool-1-thread-1" [_thread_blocked, id=17236, stack(0x0000000024cb0000,0x0000000024db0000)]
  0x000000002178a800 JavaThread "Build operations Thread 8" [_thread_blocked, id=14776, stack(0x00000000245b0000,0x00000000246b0000)]
  0x0000000021782000 JavaThread "Build operations Thread 7" [_thread_blocked, id=16720, stack(0x00000000244b0000,0x00000000245b0000)]
  0x0000000021789000 JavaThread "Build operations Thread 6" [_thread_blocked, id=3024, stack(0x00000000243b0000,0x00000000244b0000)]
  0x0000000021786000 JavaThread "Build operations Thread 5" [_thread_blocked, id=1732, stack(0x00000000242b0000,0x00000000243b0000)]
  0x0000000021788000 JavaThread "Build operations Thread 4" [_thread_blocked, id=1320, stack(0x00000000241b0000,0x00000000242b0000)]
  0x0000000021783000 JavaThread "Build operations Thread 3" [_thread_blocked, id=11572, stack(0x00000000240b0000,0x00000000241b0000)]
  0x0000000021781800 JavaThread "Build operations Thread 2" [_thread_blocked, id=6800, stack(0x0000000023fb0000,0x00000000240b0000)]
  0x0000000021785000 JavaThread "Build operations" [_thread_blocked, id=8932, stack(0x0000000022120000,0x0000000022220000)]
  0x0000000021786800 JavaThread "Cache worker for execution history cache (C:\Users\Asus\.gradle\caches\5.6.4\executionHistory)" [_thread_blocked, id=17348, stack(0x0000000020c70000,0x0000000020d70000)]
  0x000000001a5b2800 JavaThread "Cache worker for cache directory md-rule (C:\Users\Asus\.gradle\caches\5.6.4\md-rule)" [_thread_blocked, id=4396, stack(0x00000000222e0000,0x00000000223e0000)]
  0x000000001a5b5000 JavaThread "Cache worker for cache directory md-supplier (C:\Users\Asus\.gradle\caches\5.6.4\md-supplier)" [_thread_blocked, id=11560, stack(0x000000001f920000,0x000000001fa20000)]
  0x000000001a5b5800 JavaThread "Cache worker for file hash cache (C:\Users\Asus\Documents\2\.gradle\5.6.4\fileHashes)" [_thread_blocked, id=3756, stack(0x000000001f020000,0x000000001f120000)]
  0x000000001a5b4000 JavaThread "Cache worker for journal cache (C:\Users\Asus\.gradle\caches\journal-1)" [_thread_blocked, id=12784, stack(0x000000001dd50000,0x000000001de50000)]
  0x000000001a5af000 JavaThread "File lock request listener" [_thread_in_native, id=15016, stack(0x000000001dc50000,0x000000001dd50000)]
  0x000000001a5b3800 JavaThread "Cache worker for file hash cache (C:\Users\Asus\.gradle\caches\5.6.4\fileHashes)" [_thread_blocked, id=16428, stack(0x000000001db50000,0x000000001dc50000)]
  0x000000001b91a800 JavaThread "Thread-9" [_thread_blocked, id=6164, stack(0x000000001d850000,0x000000001d950000)]
  0x000000001b914800 JavaThread "Asynchronous log dispatcher for DefaultDaemonConnection: socket connection from /127.0.0.1:60654 to /127.0.0.1:60655" [_thread_blocked, id=8444, stack(0x000000001d550000,0x000000001d650000)]
  0x000000001b927800 JavaThread "Daemon worker" [_thread_in_native, id=9960, stack(0x000000001d450000,0x000000001d550000)]
  0x000000001b945800 JavaThread "Cancel handler" [_thread_blocked, id=14804, stack(0x000000001d350000,0x000000001d450000)]
  0x000000001b8e9000 JavaThread "Handler for socket connection from /127.0.0.1:60654 to /127.0.0.1:60655" [_thread_in_native, id=12496, stack(0x000000001d050000,0x000000001d150000)]
  0x000000001b8e7000 JavaThread "Daemon" [_thread_blocked, id=14484, stack(0x000000001cf50000,0x000000001d050000)]
  0x000000001b8ce800 JavaThread "Daemon periodic checks" [_thread_blocked, id=11436, stack(0x000000001ce50000,0x000000001cf50000)]
  0x000000001b889800 JavaThread "Incoming local TCP Connector on port 60654" [_thread_in_native, id=11404, stack(0x000000001cc00000,0x000000001cd00000)]
  0x0000000019e57800 JavaThread "Daemon health stats" [_thread_blocked, id=2892, stack(0x000000001c5c0000,0x000000001c6c0000)]
  0x0000000018fc8000 JavaThread "Service Thread" daemon [_thread_blocked, id=17132, stack(0x0000000019c20000,0x0000000019d20000)]
  0x0000000018f51800 JavaThread "C1 CompilerThread3" daemon [_thread_blocked, id=11804, stack(0x0000000019b20000,0x0000000019c20000)]
  0x0000000018f49800 JavaThread "C2 CompilerThread2" daemon [_thread_in_native, id=9124, stack(0x0000000019a20000,0x0000000019b20000)]
  0x0000000018f47000 JavaThread "C2 CompilerThread1" daemon [_thread_in_native, id=11668, stack(0x0000000019920000,0x0000000019a20000)]
=>0x000000001713c800 JavaThread "C2 CompilerThread0" daemon [_thread_in_native, id=1416, stack(0x0000000019820000,0x0000000019920000)]
  0x0000000018f42800 JavaThread "Attach Listener" daemon [_thread_blocked, id=6080, stack(0x0000000019720000,0x0000000019820000)]
  0x0000000018f46000 JavaThread "Signal Dispatcher" daemon [_thread_blocked, id=16960, stack(0x0000000019620000,0x0000000019720000)]
  0x0000000018f30800 JavaThread "Finalizer" daemon [_thread_blocked, id=2456, stack(0x0000000019410000,0x0000000019510000)]
  0x000000001712c800 JavaThread "Reference Handler" daemon [_thread_blocked, id=10536, stack(0x0000000019310000,0x0000000019410000)]
  0x000000000336e000 JavaThread "main" [_thread_blocked, id=16444, stack(0x0000000003010000,0x0000000003110000)]

Other Threads:
  0x0000000017126000 VMThread [stack: 0x0000000018e10000,0x0000000018f10000] [id=1132]
  0x0000000018fc8800 WatcherThread [stack: 0x0000000019d20000,0x0000000019e20000] [id=5332]

VM state:not at safepoint (normal execution)

VM Mutex/Monitor currently owned by a thread: None

heap address: 0x00000000a0000000, size: 1536 MB, Compressed Oops mode: 32-bit
Narrow klass base: 0x0000000000000000, Narrow klass shift: 3
Compressed class space size: 1073741824 Address: 0x0000000100000000

Heap:
 PSYoungGen      total 155648K, used 30919K [0x00000000e0000000, 0x00000000eae80000, 0x0000000100000000)
  eden space 138752K, 14% used [0x00000000e0000000,0x00000000e143be88,0x00000000e8780000)
  from space 16896K, 60% used [0x00000000e9e00000,0x00000000ea7f5fd8,0x00000000eae80000)
  to   space 19968K, 0% used [0x00000000e8780000,0x00000000e8780000,0x00000000e9b00000)
 ParOldGen       total 98304K, used 56763K [0x00000000a0000000, 0x00000000a6000000, 0x00000000e0000000)
  object space 98304K, 57% used [0x00000000a0000000,0x00000000a376ee98,0x00000000a6000000)
 Metaspace       used 80931K, capacity 84616K, committed 84736K, reserved 1122304K
  class space    used 10757K, capacity 11430K, committed 11520K, reserved 1048576K

Card table byte_map: [0x0000000012730000,0x0000000012a40000] byte_map_base: 0x0000000012230000

Marking Bits: (ParMarkBitMap*) 0x0000000053aa9f30
 Begin Bits: [0x0000000013440000, 0x0000000014c40000)
 End Bits:   [0x0000000014c40000, 0x0000000016440000)

Polling page: 0x0000000000ff0000

CodeCache: size=245760Kb used=36243Kb max_used=36243Kb free=209516Kb
 bounds [0x0000000003370000, 0x0000000005700000, 0x0000000012370000]
 total_blobs=11685 nmethods=10813 adapters=784
 compilation: enabled

Compilation events (10 events):
Event: 71.330 Thread 0x0000000018f51800 12499       3       org.objectweb.asm.tree.MethodNode::visitVarInsn (17 bytes)
Event: 71.331 Thread 0x0000000018f51800 nmethod 12499 0x00000000056f2b50 code [0x00000000056f2ce0, 0x00000000056f3008]
Event: 71.331 Thread 0x0000000018f51800 12500       3       org.objectweb.asm.tree.VarInsnNode::<init> (11 bytes)
Event: 71.331 Thread 0x0000000018f51800 nmethod 12500 0x00000000056f26d0 code [0x00000000056f2840, 0x00000000056f2a50]
Event: 71.331 Thread 0x0000000018f51800 12501       3       org.objectweb.asm.tree.LineNumberNode::accept (16 bytes)
Event: 71.331 Thread 0x0000000018f51800 nmethod 12501 0x00000000056f1f50 code [0x00000000056f20e0, 0x00000000056f24e8]
Event: 71.333 Thread 0x0000000018f51800 12502       3       org.objectweb.asm.tree.VarInsnNode::accept (18 bytes)
Event: 71.334 Thread 0x0000000018f51800 nmethod 12502 0x00000000056f1a10 code [0x00000000056f1b80, 0x00000000056f1e78]
Event: 71.338 Thread 0x0000000018f51800 12503       3       org.objectweb.asm.Frame::getLocal (46 bytes)
Event: 71.338 Thread 0x0000000018f51800 nmethod 12503 0x00000000056f9790 code [0x00000000056f9900, 0x00000000056f9b50]

GC Heap History (10 events):
Event: 52.478 GC heap before
{Heap before GC invocations=31 (full 3):
 PSYoungGen      total 101376K, used 86355K [0x00000000e0000000, 0x00000000e8900000, 0x0000000100000000)
  eden space 81920K, 100% used [0x00000000e0000000,0x00000000e5000000,0x00000000e5000000)
  from space 19456K, 22% used [0x00000000e5000000,0x00000000e5454e18,0x00000000e6300000)
  to   space 19456K, 0% used [0x00000000e7600000,0x00000000e7600000,0x00000000e8900000)
 ParOldGen       total 98304K, used 44536K [0x00000000a0000000, 0x00000000a6000000, 0x00000000e0000000)
  object space 98304K, 45% used [0x00000000a0000000,0x00000000a2b7e348,0x00000000a6000000)
 Metaspace       used 71806K, capacity 74984K, committed 75136K, reserved 1114112K
  class space    used 9622K, capacity 10288K, committed 10368K, reserved 1048576K
Event: 52.485 GC heap after
Heap after GC invocations=31 (full 3):
 PSYoungGen      total 119808K, used 3055K [0x00000000e0000000, 0x00000000e8900000, 0x0000000100000000)
  eden space 100352K, 0% used [0x00000000e0000000,0x00000000e0000000,0x00000000e6200000)
  from space 19456K, 15% used [0x00000000e7600000,0x00000000e78fbc48,0x00000000e8900000)
  to   space 19968K, 0% used [0x00000000e6200000,0x00000000e6200000,0x00000000e7580000)
 ParOldGen       total 98304K, used 48178K [0x00000000a0000000, 0x00000000a6000000, 0x00000000e0000000)
  object space 98304K, 49% used [0x00000000a0000000,0x00000000a2f0ca10,0x00000000a6000000)
 Metaspace       used 71806K, capacity 74984K, committed 75136K, reserved 1114112K
  class space    used 9622K, capacity 10288K, committed 10368K, reserved 1048576K
}
Event: 53.464 GC heap before
{Heap before GC invocations=32 (full 3):
 PSYoungGen      total 119808K, used 103400K [0x00000000e0000000, 0x00000000e8900000, 0x0000000100000000)
  eden space 100352K, 99% used [0x00000000e0000000,0x00000000e61fe710,0x00000000e6200000)
  from space 19456K, 15% used [0x00000000e7600000,0x00000000e78fbc48,0x00000000e8900000)
  to   space 19968K, 0% used [0x00000000e6200000,0x00000000e6200000,0x00000000e7580000)
 ParOldGen       total 98304K, used 48178K [0x00000000a0000000, 0x00000000a6000000, 0x00000000e0000000)
  object space 98304K, 49% used [0x00000000a0000000,0x00000000a2f0ca10,0x00000000a6000000)
 Metaspace       used 71993K, capacity 75130K, committed 75392K, reserved 1114112K
  class space    used 9625K, capacity 10291K, committed 10368K, reserved 1048576K
Event: 53.468 GC heap after
Heap after GC invocations=32 (full 3):
 PSYoungGen      total 120320K, used 2086K [0x00000000e0000000, 0x00000000e9d80000, 0x0000000100000000)
  eden space 100352K, 0% used [0x00000000e0000000,0x00000000e0000000,0x00000000e6200000)
  from space 19968K, 10% used [0x00000000e6200000,0x00000000e6409ba8,0x00000000e7580000)
  to   space 19968K, 0% used [0x00000000e8a00000,0x00000000e8a00000,0x00000000e9d80000)
 ParOldGen       total 98304K, used 49022K [0x00000000a0000000, 0x00000000a6000000, 0x00000000e0000000)
  object space 98304K, 49% used [0x00000000a0000000,0x00000000a2fdfa60,0x00000000a6000000)
 Metaspace       used 71993K, capacity 75130K, committed 75392K, reserved 1114112K
  class space    used 9625K, capacity 10291K, committed 10368K, reserved 1048576K
}
Event: 55.968 GC heap before
{Heap before GC invocations=33 (full 3):
 PSYoungGen      total 120320K, used 102438K [0x00000000e0000000, 0x00000000e9d80000, 0x0000000100000000)
  eden space 100352K, 100% used [0x00000000e0000000,0x00000000e6200000,0x00000000e6200000)
  from space 19968K, 10% used [0x00000000e6200000,0x00000000e6409ba8,0x00000000e7580000)
  to   space 19968K, 0% used [0x00000000e8a00000,0x00000000e8a00000,0x00000000e9d80000)
 ParOldGen       total 98304K, used 49022K [0x00000000a0000000, 0x00000000a6000000, 0x00000000e0000000)
  object space 98304K, 49% used [0x00000000a0000000,0x00000000a2fdfa60,0x00000000a6000000)
 Metaspace       used 73484K, capacity 76634K, committed 76800K, reserved 1116160K
  class space    used 9841K, capacity 10487K, committed 10496K, reserved 1048576K
Event: 55.972 GC heap after
Heap after GC invocations=33 (full 3):
 PSYoungGen      total 137216K, used 2822K [0x00000000e0000000, 0x00000000e9b00000, 0x0000000100000000)
  eden space 119808K, 0% used [0x00000000e0000000,0x00000000e0000000,0x00000000e7500000)
  from space 17408K, 16% used [0x00000000e8a00000,0x00000000e8cc1bb0,0x00000000e9b00000)
  to   space 19456K, 0% used [0x00000000e7500000,0x00000000e7500000,0x00000000e8800000)
 ParOldGen       total 98304K, used 49398K [0x00000000a0000000, 0x00000000a6000000, 0x00000000e0000000)
  object space 98304K, 50% used [0x00000000a0000000,0x00000000a303daa0,0x00000000a6000000)
 Metaspace       used 73484K, capacity 76634K, committed 76800K, reserved 1116160K
  class space    used 9841K, capacity 10487K, committed 10496K, reserved 1048576K
}
Event: 59.400 GC heap before
{Heap before GC invocations=34 (full 3):
 PSYoungGen      total 137216K, used 122630K [0x00000000e0000000, 0x00000000e9b00000, 0x0000000100000000)
  eden space 119808K, 100% used [0x00000000e0000000,0x00000000e7500000,0x00000000e7500000)
  from space 17408K, 16% used [0x00000000e8a00000,0x00000000e8cc1bb0,0x00000000e9b00000)
  to   space 19456K, 0% used [0x00000000e7500000,0x00000000e7500000,0x00000000e8800000)
 ParOldGen       total 98304K, used 49398K [0x00000000a0000000, 0x00000000a6000000, 0x00000000e0000000)
  object space 98304K, 50% used [0x00000000a0000000,0x00000000a303daa0,0x00000000a6000000)
 Metaspace       used 79683K, capacity 83186K, committed 83328K, reserved 1122304K
  class space    used 10632K, capacity 11327K, committed 11392K, reserved 1048576K
Event: 59.412 GC heap after
Heap after GC invocations=34 (full 3):
 PSYoungGen      total 139264K, used 12578K [0x00000000e0000000, 0x00000000eb200000, 0x0000000100000000)
  eden space 119808K, 0% used [0x00000000e0000000,0x00000000e0000000,0x00000000e7500000)
  from space 19456K, 64% used [0x00000000e7500000,0x00000000e8148b10,0x00000000e8800000)
  to   space 20480K, 0% used [0x00000000e9e00000,0x00000000e9e00000,0x00000000eb200000)
 ParOldGen       total 98304K, used 50274K [0x00000000a0000000, 0x00000000a6000000, 0x00000000e0000000)
  object space 98304K, 51% used [0x00000000a0000000,0x00000000a3118b90,0x00000000a6000000)
 Metaspace       used 79683K, capacity 83186K, committed 83328K, reserved 1122304K
  class space    used 10632K, capacity 11327K, committed 11392K, reserved 1048576K
}
Event: 71.190 GC heap before
{Heap before GC invocations=35 (full 3):
 PSYoungGen      total 139264K, used 132386K [0x00000000e0000000, 0x00000000eb200000, 0x0000000100000000)
  eden space 119808K, 100% used [0x00000000e0000000,0x00000000e7500000,0x00000000e7500000)
  from space 19456K, 64% used [0x00000000e7500000,0x00000000e8148b10,0x00000000e8800000)
  to   space 20480K, 0% used [0x00000000e9e00000,0x00000000e9e00000,0x00000000eb200000)
 ParOldGen       total 98304K, used 50274K [0x00000000a0000000, 0x00000000a6000000, 0x00000000e0000000)
  object space 98304K, 51% used [0x00000000a0000000,0x00000000a3118b90,0x00000000a6000000)
 Metaspace       used 80890K, capacity 84616K, committed 84736K, reserved 1122304K
  class space    used 10757K, capacity 11430K, committed 11520K, reserved 1048576K
Event: 71.210 GC heap after
Heap after GC invocations=35 (full 3):
 PSYoungGen      total 155648K, used 10199K [0x00000000e0000000, 0x00000000eae80000, 0x0000000100000000)
  eden space 138752K, 0% used [0x00000000e0000000,0x00000000e0000000,0x00000000e8780000)
  from space 16896K, 60% used [0x00000000e9e00000,0x00000000ea7f5fd8,0x00000000eae80000)
  to   space 19968K, 0% used [0x00000000e8780000,0x00000000e8780000,0x00000000e9b00000)
 ParOldGen       total 98304K, used 56763K [0x00000000a0000000, 0x00000000a6000000, 0x00000000e0000000)
  object space 98304K, 57% used [0x00000000a0000000,0x00000000a376ee98,0x00000000a6000000)
 Metaspace       used 80890K, capacity 84616K, committed 84736K, reserved 1122304K
  class space    used 10757K, capacity 11430K, committed 11520K, reserved 1048576K
}

Deoptimization events (10 events):
Event: 71.168 Thread 0x000000001b927800 Uncommon trap: reason=class_check action=maybe_recompile pc=0x0000000004178abc method=org.objectweb.asm.Label.accept(Lorg/objectweb/asm/MethodVisitor;Z)V @ 2
Event: 71.168 Thread 0x000000001b927800 Uncommon trap: reason=class_check action=maybe_recompile pc=0x00000000050e0574 method=org.objectweb.asm.ClassReader.readCode(Lorg/objectweb/asm/MethodVisitor;Lorg/objectweb/asm/Context;I)V @ 4259
Event: 71.168 Thread 0x000000001b927800 Uncommon trap: reason=class_check action=maybe_recompile pc=0x00000000050fecdc method=org.objectweb.asm.ClassReader.readMethod(Lorg/objectweb/asm/ClassVisitor;Lorg/objectweb/asm/Context;I)I @ 515
Event: 71.168 Thread 0x000000001b927800 Uncommon trap: reason=class_check action=maybe_recompile pc=0x0000000004178abc method=org.objectweb.asm.Label.accept(Lorg/objectweb/asm/MethodVisitor;Z)V @ 2
Event: 71.168 Thread 0x000000001b927800 Uncommon trap: reason=class_check action=maybe_recompile pc=0x00000000050e0574 method=org.objectweb.asm.ClassReader.readCode(Lorg/objectweb/asm/MethodVisitor;Lorg/objectweb/asm/Context;I)V @ 4259
Event: 71.169 Thread 0x000000001b927800 Uncommon trap: reason=class_check action=maybe_recompile pc=0x00000000050b81dc method=org.objectweb.asm.ClassReader.readElementValues(Lorg/objectweb/asm/AnnotationVisitor;IZ[C)I @ 82
Event: 71.169 Thread 0x000000001b927800 Uncommon trap: reason=class_check action=maybe_recompile pc=0x00000000050b81dc method=org.objectweb.asm.ClassReader.readElementValues(Lorg/objectweb/asm/AnnotationVisitor;IZ[C)I @ 82
Event: 71.169 Thread 0x000000001b927800 Uncommon trap: reason=unstable_if action=reinterpret pc=0x0000000004e13da0 method=org.objectweb.asm.Type.getDescriptor()Ljava/lang/String; @ 6
Event: 71.173 Thread 0x000000001b927800 Uncommon trap: reason=class_check action=maybe_recompile pc=0x00000000050b81dc method=org.objectweb.asm.ClassReader.readElementValues(Lorg/objectweb/asm/AnnotationVisitor;IZ[C)I @ 82
Event: 71.174 Thread 0x000000001b927800 Uncommon trap: reason=class_check action=maybe_recompile pc=0x00000000050b81dc method=org.objectweb.asm.ClassReader.readElementValues(Lorg/objectweb/asm/AnnotationVisitor;IZ[C)I @ 82

Classes redefined (0 events):
No events

Internal exceptions (10 events):
Event: 59.167 Thread 0x000000001b927800 Exception <a 'java/lang/ClassNotFoundException': org/gradle/api/tasks/testing/TestBeanInfo> (0x00000000e6e72d90) thrown at [D:\src\AOSP-openjdk-cygwin\jdk8u\hotspot\src\share\vm\classfile\systemDictionary.cpp, line 210]
Event: 59.168 Thread 0x000000001b927800 Exception <a 'java/lang/ClassNotFoundException': org/gradle/api/tasks/testing/AbstractTestTaskBeanInfo> (0x00000000e6e9d018) thrown at [D:\src\AOSP-openjdk-cygwin\jdk8u\hotspot\src\share\vm\classfile\systemDictionary.cpp, line 210]
Event: 59.168 Thread 0x000000001b927800 Exception <a 'java/lang/ClassNotFoundException': org/gradle/api/tasks/testing/AbstractTestTaskCustomizer> (0x00000000e6ec79d0) thrown at [D:\src\AOSP-openjdk-cygwin\jdk8u\hotspot\src\share\vm\classfile\systemDictionary.cpp, line 210]
Event: 59.169 Thread 0x000000001b927800 Exception <a 'java/lang/ClassNotFoundException': org/gradle/api/tasks/testing/TestCustomizer> (0x00000000e6f185a8) thrown at [D:\src\AOSP-openjdk-cygwin\jdk8u\hotspot\src\share\vm\classfile\systemDictionary.cpp, line 210]
Event: 59.191 Thread 0x000000001b927800 Exception <a 'java/lang/ClassNotFoundException': com/android/build/gradle/tasks/factory/AndroidUnitTestCustomizer> (0x00000000e7012530) thrown at [D:\src\AOSP-openjdk-cygwin\jdk8u\hotspot\src\share\vm\classfile\systemDictionary.cpp, line 210]
Event: 59.192 Thread 0x000000001b927800 Exception <a 'java/lang/ClassNotFoundException': com/android/build/gradle/tasks/factory/AndroidUnitTest_DecoratedCustomizer> (0x00000000e70566c8) thrown at [D:\src\AOSP-openjdk-cygwin\jdk8u\hotspot\src\share\vm\classfile\systemDictionary.cpp, line 210]
Event: 59.393 Thread 0x000000001b927800 Exception <a 'java/lang/NoSuchMethodError': java.lang.Object.lambda$minBy$0(Ljava/util/Comparator;Ljava/lang/Object;Ljava/lang/Object;)Ljava/lang/Object;> (0x00000000e74ae590) thrown at [D:\src\AOSP-openjdk-cygwin\jdk8u\hotspot\src\share\vm\interpreter\li
Event: 70.290 Thread 0x0000000021788000 Implicit null exception at 0x00000000055a51a3 to 0x00000000055a5485
Event: 70.351 Thread 0x0000000021781800 Implicit null exception at 0x00000000055b904f to 0x00000000055b9711
Event: 70.967 Thread 0x000000001b927800 Exception <a 'java/lang/NoSuchMethodError': java.lang.Object.lambda$negate$1(Ljava/lang/Object;)Z> (0x00000000e676abb8) thrown at [D:\src\AOSP-openjdk-cygwin\jdk8u\hotspot\src\share\vm\interpreter\linkResolver.cpp, line 620]

Events (10 events):
Event: 71.173 Thread 0x000000001b927800 Uncommon trap: trap_request=0xffffffde fr.pc=0x00000000050b81dc
Event: 71.173 Thread 0x000000001b927800 DEOPT PACKING pc=0x00000000050b81dc sp=0x000000001d547580
Event: 71.173 Thread 0x000000001b927800 DEOPT UNPACKING pc=0x00000000033b557b sp=0x000000001d547530 mode 2
Event: 71.174 Thread 0x000000001b927800 Uncommon trap: trap_request=0xffffffde fr.pc=0x00000000050b81dc
Event: 71.174 Thread 0x000000001b927800 DEOPT PACKING pc=0x00000000050b81dc sp=0x000000001d547580
Event: 71.174 Thread 0x000000001b927800 DEOPT UNPACKING pc=0x00000000033b557b sp=0x000000001d547530 mode 2
Event: 71.185 loading class org/objectweb/asm/Edge
Event: 71.185 loading class org/objectweb/asm/Edge done
Event: 71.190 Executing VM operation: ParallelGCFailedAllocation
Event: 71.211 Executing VM operation: ParallelGCFailedAllocation done


Dynamic libraries:
0x00007ff6f1ca0000 - 0x00007ff6f1cd1000 	C:\Program Files\Android\Android Studio\jre\bin\java.exe
0x00007ff9d7c40000 - 0x00007ff9d7e30000 	C:\WINDOWS\SYSTEM32\ntdll.dll
0x00007ff9d7040000 - 0x00007ff9d70f2000 	C:\WINDOWS\System32\KERNEL32.DLL
0x00007ff9d5850000 - 0x00007ff9d5af3000 	C:\WINDOWS\System32\KERNELBASE.dll
0x00007ff9d5e50000 - 0x00007ff9d5ef3000 	C:\WINDOWS\System32\ADVAPI32.dll
0x00007ff9d6950000 - 0x00007ff9d69ee000 	C:\WINDOWS\System32\msvcrt.dll
0x00007ff9d6e50000 - 0x00007ff9d6ee7000 	C:\WINDOWS\System32\sechost.dll
0x00007ff9d6b50000 - 0x00007ff9d6c70000 	C:\WINDOWS\System32\RPCRT4.dll
0x00007ff9d7500000 - 0x00007ff9d7694000 	C:\WINDOWS\System32\USER32.dll
0x00007ff9d5350000 - 0x00007ff9d5371000 	C:\WINDOWS\System32\win32u.dll
0x00007ff9d7110000 - 0x00007ff9d7136000 	C:\WINDOWS\System32\GDI32.dll
0x00007ff9d5b50000 - 0x00007ff9d5ce4000 	C:\WINDOWS\System32\gdi32full.dll
0x00007ff9d54b0000 - 0x00007ff9d554e000 	C:\WINDOWS\System32\msvcp_win.dll
0x00007ff9d5550000 - 0x00007ff9d564a000 	C:\WINDOWS\System32\ucrtbase.dll
0x00007ff9c70b0000 - 0x00007ff9c7335000 	C:\WINDOWS\WinSxS\amd64_microsoft.windows.common-controls_6595b64144ccf1df_6.0.18362.720_none_e6beb5c51314836b\COMCTL32.dll
0x00007ff9d71c0000 - 0x00007ff9d74f6000 	C:\WINDOWS\System32\combase.dll
0x00007ff9d5430000 - 0x00007ff9d54b0000 	C:\WINDOWS\System32\bcryptPrimitives.dll
0x00007ff9d6c70000 - 0x00007ff9d6c9e000 	C:\WINDOWS\System32\IMM32.DLL
0x00000000525b0000 - 0x0000000052682000 	C:\Program Files\Android\Android Studio\jre\jre\bin\msvcr100.dll
0x00000000532e0000 - 0x0000000053b26000 	C:\Program Files\Android\Android Studio\jre\jre\bin\server\jvm.dll
0x00007ff9d7030000 - 0x00007ff9d7038000 	C:\WINDOWS\System32\PSAPI.DLL
0x00007ff9d26c0000 - 0x00007ff9d26e4000 	C:\WINDOWS\SYSTEM32\WINMM.dll
0x00007ff9ce790000 - 0x00007ff9ce79a000 	C:\WINDOWS\SYSTEM32\VERSION.dll
0x00007ff9d2090000 - 0x00007ff9d20bd000 	C:\WINDOWS\SYSTEM32\winmmbase.dll
0x00007ff9d53e0000 - 0x00007ff9d542a000 	C:\WINDOWS\System32\cfgmgr32.dll
0x00007ff9d27a0000 - 0x00007ff9d27a9000 	C:\WINDOWS\SYSTEM32\WSOCK32.dll
0x00007ff9d6ef0000 - 0x00007ff9d6f5f000 	C:\WINDOWS\System32\WS2_32.dll
0x00007ff9d0260000 - 0x00007ff9d026f000 	C:\Program Files\Android\Android Studio\jre\jre\bin\verify.dll
0x00007ff9d0230000 - 0x00007ff9d0259000 	C:\Program Files\Android\Android Studio\jre\jre\bin\java.dll
0x00007ff9c99c0000 - 0x00007ff9c99d6000 	C:\Program Files\Android\Android Studio\jre\jre\bin\zip.dll
0x00007ff9d6120000 - 0x00007ff9d6805000 	C:\WINDOWS\System32\SHELL32.dll
0x00007ff9d5cf0000 - 0x00007ff9d5d99000 	C:\WINDOWS\System32\shcore.dll
0x00007ff9d4bd0000 - 0x00007ff9d5350000 	C:\WINDOWS\System32\windows.storage.dll
0x00007ff9d4b60000 - 0x00007ff9d4b83000 	C:\WINDOWS\System32\profapi.dll
0x00007ff9d4b10000 - 0x00007ff9d4b5a000 	C:\WINDOWS\System32\powrprof.dll
0x00007ff9d4b00000 - 0x00007ff9d4b10000 	C:\WINDOWS\System32\UMPDC.dll
0x00007ff9d6d70000 - 0x00007ff9d6dc2000 	C:\WINDOWS\System32\shlwapi.dll
0x00007ff9d4bb0000 - 0x00007ff9d4bc1000 	C:\WINDOWS\System32\kernel.appcore.dll
0x00007ff9d5b30000 - 0x00007ff9d5b47000 	C:\WINDOWS\System32\cryptsp.dll
0x00007ff9c99a0000 - 0x00007ff9c99ba000 	C:\Program Files\Android\Android Studio\jre\jre\bin\net.dll
0x00007ff9c6430000 - 0x00007ff9c6605000 	C:\WINDOWS\SYSTEM32\urlmon.dll
0x00007ff9c7e50000 - 0x00007ff9c80f6000 	C:\WINDOWS\SYSTEM32\iertutil.dll
0x00007ff9d4540000 - 0x00007ff9d454c000 	C:\WINDOWS\SYSTEM32\CRYPTBASE.DLL
0x00007ff9d4310000 - 0x00007ff9d4377000 	C:\WINDOWS\system32\mswsock.dll
0x00007ff9c9980000 - 0x00007ff9c9993000 	C:\Program Files\Android\Android Studio\jre\jre\bin\nio.dll
0x00007ff9c9a80000 - 0x00007ff9c9aa6000 	C:\Users\Asus\.gradle\native\30\windows-amd64\native-platform.dll
0x00007ff9cb660000 - 0x00007ff9cb66d000 	C:\Program Files\Android\Android Studio\jre\jre\bin\management.dll
0x00007ff9d3e80000 - 0x00007ff9d3eb3000 	C:\WINDOWS\system32\rsaenh.dll
0x00007ff9d5b00000 - 0x00007ff9d5b26000 	C:\WINDOWS\System32\bcrypt.dll
0x00007ff9d4a20000 - 0x00007ff9d4a45000 	C:\WINDOWS\SYSTEM32\USERENV.dll
0x00007ff9d4020000 - 0x00007ff9d405a000 	C:\WINDOWS\SYSTEM32\IPHLPAPI.DLL
0x00007ff9d7100000 - 0x00007ff9d7108000 	C:\WINDOWS\System32\NSI.dll
0x00007ff9ce010000 - 0x00007ff9ce026000 	C:\WINDOWS\SYSTEM32\dhcpcsvc6.DLL
0x00007ff9cdea0000 - 0x00007ff9cdebc000 	C:\WINDOWS\SYSTEM32\dhcpcsvc.DLL
0x00007ff9d4060000 - 0x00007ff9d412a000 	C:\WINDOWS\SYSTEM32\DNSAPI.dll
0x00007ff9c92f0000 - 0x00007ff9c9314000 	C:\Program Files\Android\Android Studio\jre\jre\bin\sunec.dll
0x00007ff9c3820000 - 0x00007ff9c382a000 	C:\Windows\System32\rasadhlp.dll
0x00007ff9cdb10000 - 0x00007ff9cdb87000 	C:\WINDOWS\System32\fwpuclnt.dll
0x00007ff9cc650000 - 0x00007ff9cc65b000 	C:\Program Files\Android\Android Studio\jre\jre\bin\sunmscapi.dll
0x00007ff9d5650000 - 0x00007ff9d5799000 	C:\WINDOWS\System32\CRYPT32.dll
0x00007ff9d4b90000 - 0x00007ff9d4ba2000 	C:\WINDOWS\System32\MSASN1.dll
0x00007ff9d3c10000 - 0x00007ff9d3c41000 	C:\WINDOWS\SYSTEM32\ntmarta.dll

VM Arguments:
jvm_args: -Xmx1536m -Dfile.encoding=windows-1251 -Duser.country=RU -Duser.language=ru -Duser.variant 
java_command: org.gradle.launcher.daemon.bootstrap.GradleDaemon 5.6.4
java_class_path (initial): C:\Users\Asus\.gradle\wrapper\dists\gradle-5.6.4-all\ankdp27end7byghfw1q2sw75f\gradle-5.6.4\lib\gradle-launcher-5.6.4.jar
Launcher Type: SUN_STANDARD

Environment Variables:
PATH=C:\ProgramData\Oracle\Java\javapath;C:\Program Files (x86)\Common Files\Oracle\Java\javapath;C:\Windows\system32;C:\Windows;C:\Windows\System32\Wbem;C:\Windows\System32\WindowsPowerShell\v1.0\;C:\Program Files (x86)\NVIDIA Corporation\PhysX\Common;C:\WINDOWS\system32;C:\WINDOWS;C:\WINDOWS\System32\Wbem;C:\WINDOWS\System32\WindowsPowerShell\v1.0\;C:\WINDOWS\System32\OpenSSH\;C:\Program Files\Microsoft VS Code\bin;C:\Program Files\Git\cmd;C:\Users\Asus\AppData\Local\Microsoft\WindowsApps;
USERNAME=Asus
OS=Windows_NT
PROCESSOR_IDENTIFIER=Intel64 Family 6 Model 94 Stepping 3, GenuineIntel



---------------  S Y S T E M  ---------------

OS: Windows 10.0 , 64 bit Build 18362 (10.0.18362.329)

CPU:total 8 (initial active 8) (4 cores per cpu, 2 threads per core) family 6 model 94 stepping 3, cmov, cx8, fxsr, mmx, sse, sse2, sse3, ssse3, sse4.1, sse4.2, popcnt, avx, avx2, aes, clmul, erms, rtm, 3dnowpref, lzcnt, ht, tsc, tscinvbit, bmi1, bmi2, adx

Memory: 4k page, physical 8281624k(229360k free), swap 14425624k(5360k free)

vm_info: OpenJDK 64-Bit Server VM (25.212-b04) for windows-amd64 JRE (1.8.0_212-release-1586-b04), built by "builder" with MS VC++ 10.0 (VS2010)

time: Wed Apr 15 20:52:31 2020
timezone: RTZ 1 (зима)
elapsed time: 71 seconds (0d 0h 1m 11s)

