#
# There is insufficient memory for the Java Runtime Environment to continue.
# Native memory allocation (malloc) failed to allocate 1048576 bytes for AllocateHeap
# Possible reasons:
#   The system is out of physical RAM or swap space
#   The process is running with CompressedOops enabled, and the Java Heap may be blocking the growth of the native heap
# Possible solutions:
#   Reduce memory load on the system
#   Increase physical memory or swap space
#   Check if swap backing store is full
#   Decrease Java heap size (-Xmx/-Xms)
#   Decrease number of Java threads
#   Decrease Java thread stack sizes (-Xss)
#   Set larger code cache with -XX:ReservedCodeCacheSize=
#   JVM is running with Unscaled Compressed Oops mode in which the Java heap is
#     placed in the first 4GB address space. The Java Heap base address is the
#     maximum limit for the native heap growth. Please use -XX:HeapBaseMinAddress
#     to set the Java Heap base and to place the Java Heap above 4GB virtual address.
# This output file may be truncated or incomplete.
#
#  Out of Memory Error (memory/allocation.inline.hpp:61), pid=12932, tid=0x0000000000003adc
#
# JRE version:  (8.0_212-b04) (build )
# Java VM: OpenJDK 64-Bit Server VM (25.212-b04 mixed mode windows-amd64 compressed oops)
# Failed to write core dump. Minidumps are not enabled by default on client versions of Windows
#

---------------  T H R E A D  ---------------

Current thread (0x0000000003276000):  JavaThread "Unknown thread" [_thread_in_vm, id=15068, stack(0x0000000003100000,0x0000000003200000)]

Stack: [0x0000000003100000,0x0000000003200000]
[error occurred during error reporting (printing stack bounds), id 0xc0000005]

Native frames: (J=compiled Java code, j=interpreted, Vv=VM code, C=native code)


---------------  P R O C E S S  ---------------

Java Threads: ( => current thread )

Other Threads:

=>0x0000000003276000 (exited) JavaThread "Unknown thread" [_thread_in_vm, id=15068, stack(0x0000000003100000,0x0000000003200000)]

VM state:not at safepoint (normal execution)

VM Mutex/Monitor currently owned by a thread: None

heap address: 0x0000000081a00000, size: 2022 MB, Compressed Oops mode: 32-bit
Narrow klass base: 0x0000000000000000, Narrow klass shift: 3
Compressed class space size: 1073741824 Address: 0x0000000100000000

Heap:
 PSYoungGen      total 38400K, used 665K [0x00000000d5e00000, 0x00000000d8880000, 0x0000000100000000)
  eden space 33280K, 2% used [0x00000000d5e00000,0x00000000d5ea6670,0x00000000d7e80000)
  from space 5120K, 0% used [0x00000000d8380000,0x00000000d8380000,0x00000000d8880000)
  to   space 5120K, 0% used [0x00000000d7e80000,0x00000000d7e80000,0x00000000d8380000)
 ParOldGen       total 87552K, used 0K [0x0000000081a00000, 0x0000000086f80000, 0x00000000d5e00000)
  object space 87552K, 0% used [0x0000000081a00000,0x0000000081a00000,0x0000000086f80000)
 Metaspace       used 778K, capacity 4480K, committed 4480K, reserved 1056768K
  class space    used 74K, capacity 384K, committed 384K, reserved 1048576K

Card table byte_map: [0x0000000012730000,0x0000000012b30000] byte_map_base: 0x0000000012323000

Marking Bits: (ParMarkBitMap*) 0x0000000053aa9f30
 Begin Bits: [0x00000000135e0000, 0x0000000015578000)
 End Bits:   [0x0000000015578000, 0x0000000017510000)

Polling page: 0x0000000001250000

CodeCache: size=245760Kb used=328Kb max_used=328Kb free=245431Kb
 bounds [0x0000000003370000, 0x00000000035e0000, 0x0000000012370000]
 total_blobs=57 nmethods=0 adapters=38
 compilation: enabled

Compilation events (0 events):
No events

GC Heap History (0 events):
No events

Deoptimization events (0 events):
No events

Classes redefined (0 events):
No events

Internal exceptions (0 events):
No events

Events (10 events):
Event: 0.039 loading class java/lang/Short
Event: 0.039 loading class java/lang/Short done
Event: 0.039 loading class java/lang/Integer
Event: 0.039 loading class java/lang/Integer done
Event: 0.039 loading class java/lang/Long
Event: 0.040 loading class java/lang/Long done
Event: 0.040 loading class java/lang/NullPointerException
Event: 0.040 loading class java/lang/NullPointerException done
Event: 0.040 loading class java/lang/ArithmeticException
Event: 0.040 loading class java/lang/ArithmeticException done


Dynamic libraries:
0x00007ff73a4d0000 - 0x00007ff73a501000 	C:\Program Files\Android\Android Studio\jre\jre\bin\java.exe
0x00007ff9d7c40000 - 0x00007ff9d7e30000 	C:\WINDOWS\SYSTEM32\ntdll.dll
0x00007ff9d7040000 - 0x00007ff9d70f2000 	C:\WINDOWS\System32\KERNEL32.DLL
0x00007ff9d5850000 - 0x00007ff9d5af3000 	C:\WINDOWS\System32\KERNELBASE.dll
0x00007ff9d5e50000 - 0x00007ff9d5ef3000 	C:\WINDOWS\System32\ADVAPI32.dll
0x00007ff9d6950000 - 0x00007ff9d69ee000 	C:\WINDOWS\System32\msvcrt.dll
0x00007ff9d6e50000 - 0x00007ff9d6ee7000 	C:\WINDOWS\System32\sechost.dll
0x00007ff9d6b50000 - 0x00007ff9d6c70000 	C:\WINDOWS\System32\RPCRT4.dll
0x00007ff9d7500000 - 0x00007ff9d7694000 	C:\WINDOWS\System32\USER32.dll
0x00007ff9d5350000 - 0x00007ff9d5371000 	C:\WINDOWS\System32\win32u.dll
0x00007ff9d7110000 - 0x00007ff9d7136000 	C:\WINDOWS\System32\GDI32.dll
0x00007ff9d5b50000 - 0x00007ff9d5ce4000 	C:\WINDOWS\System32\gdi32full.dll
0x00007ff9d54b0000 - 0x00007ff9d554e000 	C:\WINDOWS\System32\msvcp_win.dll
0x00007ff9d5550000 - 0x00007ff9d564a000 	C:\WINDOWS\System32\ucrtbase.dll
0x00007ff9c70b0000 - 0x00007ff9c7335000 	C:\WINDOWS\WinSxS\amd64_microsoft.windows.common-controls_6595b64144ccf1df_6.0.18362.720_none_e6beb5c51314836b\COMCTL32.dll
0x00007ff9d71c0000 - 0x00007ff9d74f6000 	C:\WINDOWS\System32\combase.dll
0x00007ff9d5430000 - 0x00007ff9d54b0000 	C:\WINDOWS\System32\bcryptPrimitives.dll
0x00007ff9d6c70000 - 0x00007ff9d6c9e000 	C:\WINDOWS\System32\IMM32.DLL
0x00000000525b0000 - 0x0000000052682000 	C:\Program Files\Android\Android Studio\jre\jre\bin\msvcr100.dll
0x00000000532e0000 - 0x0000000053b26000 	C:\Program Files\Android\Android Studio\jre\jre\bin\server\jvm.dll
0x00007ff9d7030000 - 0x00007ff9d7038000 	C:\WINDOWS\System32\PSAPI.DLL
0x00007ff9ce790000 - 0x00007ff9ce79a000 	C:\WINDOWS\SYSTEM32\VERSION.dll
0x00007ff9d26c0000 - 0x00007ff9d26e4000 	C:\WINDOWS\SYSTEM32\WINMM.dll
0x00007ff9d27a0000 - 0x00007ff9d27a9000 	C:\WINDOWS\SYSTEM32\WSOCK32.dll
0x00007ff9d6ef0000 - 0x00007ff9d6f5f000 	C:\WINDOWS\System32\WS2_32.dll
0x00007ff9d2090000 - 0x00007ff9d20bd000 	C:\WINDOWS\SYSTEM32\WINMMBASE.dll
0x00007ff9d53e0000 - 0x00007ff9d542a000 	C:\WINDOWS\System32\cfgmgr32.dll
0x00007ff9d0260000 - 0x00007ff9d026f000 	C:\Program Files\Android\Android Studio\jre\jre\bin\verify.dll
0x00007ff9d0230000 - 0x00007ff9d0259000 	C:\Program Files\Android\Android Studio\jre\jre\bin\java.dll
0x00007ff9c99c0000 - 0x00007ff9c99d6000 	C:\Program Files\Android\Android Studio\jre\jre\bin\zip.dll

VM Arguments:
java_command: org.jetbrains.kotlin.cli.jvm.K2JVMCompiler -Xallow-no-source-files -classpath C:\Users\Asus\Documents\2\app\build\intermediates\compile_and_runtime_not_namespaced_r_class_jar\debug\R.jar;C:\Users\Asus\.gradle\caches\transforms-2\files-2.1\33d52a5d61df2acadda3acd18d78d2c6\jetified-kotlin-android-extensions-runtime-1.3.61.jar;C:\Users\Asus\.gradle\caches\transforms-2\files-2.1\f09a58923cded79e742d31ebeba9becb\jetified-kotlin-stdlib-jdk7-1.3.61.jar;C:\Users\Asus\.gradle\caches\transforms-2\files-2.1\f8b8f84f4535e4701bedc3347326a580\jetified-core-ktx-1.0.2-api.jar;C:\Users\Asus\.gradle\caches\transforms-2\files-2.1\6d2431c747dcf174de80255a053dab24\jetified-kotlin-stdlib-1.3.61.jar;C:\Users\Asus\.gradle\caches\transforms-2\files-2.1\7f8e2e6e16f6459ddda87114d3d81c98\jetified-kotlin-stdlib-common-1.3.61.jar;C:\Users\Asus\.gradle\caches\transforms-2\files-2.1\e3380e9fbdda47a0978c812d6c294f7c\jetified-annotations-13.0.jar;C:\Users\Asus\.gradle\caches\transforms-2\files-2.1\feb163942afe5a58fd6e61d86ce82516\material-1.1.0-alpha05-api.jar;C:\Users\Asus\.gradle\caches\transforms-2\files-2.1\49e81b91ec86ae95e212c4692d10f1d8\appcompat-1.1.0-api.jar;C:\Users\Asus\.gradle\caches\transforms-2\files-2.1\c79d7da7d681bcd9bbdb831d4bb02459\jetified-firebase-database-16.0.4-api.jar;C:\Users\Asus\.gradle\caches\transforms-2\files-2.1\2a1a9a254b9057abb2d75edf265ffadc\jetified-play-services-base-16.0.1-api.jar;C:\Users\Asus\.gradle\caches\transforms-2\files-2.1\092ec33e88214e06a27f71a3341aa369\jetified-firebase-common-16.0.3-api.jar;C:\Users\Asus\.gradle\caches\transforms-2\files-2.1\675452aeb6f3585be21c51f38c4cf5a6\jetified-play-services-tasks-16.0.1-api.jar;C:\Users\Asus\.gradle\caches\transforms-2\files-2.1\c7bd7ee4cef473afc02b6c9df0461a0e\jetified-firebase-database-collection-16.0.0-api.jar;C:\Users\Asus\.gradle\caches\transforms-2\files-2.1\d5a7d25a347c19bd78e343818b6b82f9\jetified-play-services-basement-16.0.1-api.jar;C:\Users\Asus\.gradle\caches\transforms-2\files-2.1\8
java_class_path (initial): C:\Users\Asus\.gradle\caches\modules-2\files-2.1\org.jetbrains.kotlin\kotlin-compiler-embeddable\1.3.61\c35c0833d5a1e3d229359758482c480306724618\kotlin-compiler-embeddable-1.3.61.jar;C:\Users\Asus\.gradle\caches\modules-2\files-2.1\org.jetbrains.kotlin\kotlin-reflect\1.3.61\2e07c9a84c9e118efb70eede7e579fd663932122\kotlin-reflect-1.3.61.jar;C:\Users\Asus\.gradle\caches\modules-2\files-2.1\org.jetbrains.kotlin\kotlin-stdlib\1.3.61\4702105e97f7396ae41b113fdbdc180ec1eb1e36\kotlin-stdlib-1.3.61.jar;C:\Users\Asus\.gradle\caches\modules-2\files-2.1\org.jetbrains.kotlin\kotlin-script-runtime\1.3.61\e5feb39c8de63dcbdc1154b34ca4413874231605\kotlin-script-runtime-1.3.61.jar;C:\Users\Asus\.gradle\caches\modules-2\files-2.1\org.jetbrains.kotlin\kotlin-daemon-embeddable\1.3.61\4de83e41a92c8395d89ab2e81d26b788ba163824\kotlin-daemon-embeddable-1.3.61.jar;C:\Users\Asus\.gradle\caches\modules-2\files-2.1\org.jetbrains.intellij.deps\trove4j\1.0.20181211\216c2e14b070f334479d800987affe4054cd563f\trove4j-1.0.20181211.jar;C:\Users\Asus\.gradle\caches\modules-2\files-2.1\org.jetbrains.kotlin\kotlin-stdlib-common\1.3.61\65abb71d5afb850b68be03987b08e2c864ca3110\kotlin-stdlib-common-1.3.61.jar;C:\Users\Asus\.gradle\caches\modules-2\files-2.1\org.jetbrains\annotations\13.0\919f0dfe192fb4e063e7dacadee7f8bb9a2672a9\annotations-13.0.jar;C:\Program Files\Android\Android Studio\jre\lib\tools.jar
Launcher Type: SUN_STANDARD

Environment Variables:
PATH=C:\ProgramData\Oracle\Java\javapath;C:\Program Files (x86)\Common Files\Oracle\Java\javapath;C:\Windows\system32;C:\Windows;C:\Windows\System32\Wbem;C:\Windows\System32\WindowsPowerShell\v1.0\;C:\Program Files (x86)\NVIDIA Corporation\PhysX\Common;C:\WINDOWS\system32;C:\WINDOWS;C:\WINDOWS\System32\Wbem;C:\WINDOWS\System32\WindowsPowerShell\v1.0\;C:\WINDOWS\System32\OpenSSH\;C:\Program Files\Microsoft VS Code\bin;C:\Program Files\Git\cmd;C:\Users\Asus\AppData\Local\Microsoft\WindowsApps;
USERNAME=Asus
OS=Windows_NT
PROCESSOR_IDENTIFIER=Intel64 Family 6 Model 94 Stepping 3, GenuineIntel



---------------  S Y S T E M  ---------------

OS: Windows 10.0 , 64 bit Build 18362 (10.0.18362.329)

CPU:total 8 (initial active 8) (4 cores per cpu, 2 threads per core) family 6 model 94 stepping 3, cmov, cx8, fxsr, mmx, sse, sse2, sse3, ssse3, sse4.1, sse4.2, popcnt, avx, avx2, aes, clmul, erms, rtm, 3dnowpref, lzcnt, ht, tsc, tscinvbit, bmi1, bmi2, adx

Memory: 4k page, physical 8281624k(321956k free), swap 14425624k(5744k free)

vm_info: OpenJDK 64-Bit Server VM (25.212-b04) for windows-amd64 JRE (1.8.0_212-release-1586-b04), built by "builder" with MS VC++ 10.0 (VS2010)

time: Wed Apr 15 21:36:21 2020
timezone: RTZ 1 (зима)
elapsed time: 0 seconds (0d 0h 0m 0s)

