#
# There is insufficient memory for the Java Runtime Environment to continue.
# Native memory allocation (malloc) failed to allocate 1258256 bytes for Chunk::new
# Possible reasons:
#   The system is out of physical RAM or swap space
#   The process is running with CompressedOops enabled, and the Java Heap may be blocking the growth of the native heap
# Possible solutions:
#   Reduce memory load on the system
#   Increase physical memory or swap space
#   Check if swap backing store is full
#   Decrease Java heap size (-Xmx/-Xms)
#   Decrease number of Java threads
#   Decrease Java thread stack sizes (-Xss)
#   Set larger code cache with -XX:ReservedCodeCacheSize=
#   JVM is running with Unscaled Compressed Oops mode in which the Java heap is
#     placed in the first 4GB address space. The Java Heap base address is the
#     maximum limit for the native heap growth. Please use -XX:HeapBaseMinAddress
#     to set the Java Heap base and to place the Java Heap above 4GB virtual address.
# This output file may be truncated or incomplete.
#
#  Out of Memory Error (allocation.cpp:389), pid=15200, tid=0x00000000000028c0
#
# JRE version: OpenJDK Runtime Environment (8.0_212-b04) (build 1.8.0_212-release-1586-b04)
# Java VM: OpenJDK 64-Bit Server VM (25.212-b04 mixed mode windows-amd64 compressed oops)
# Failed to write core dump. Minidumps are not enabled by default on client versions of Windows
#

---------------  T H R E A D  ---------------

Current thread (0x0000000018538800):  JavaThread "C2 CompilerThread2" daemon [_thread_in_native, id=10432, stack(0x0000000019010000,0x0000000019110000)]

Stack: [0x0000000019010000,0x0000000019110000]
[error occurred during error reporting (printing stack bounds), id 0xc0000005]

Native frames: (J=compiled Java code, j=interpreted, Vv=VM code, C=native code)


Current CompileTask:
C2:3301627 25314       4       com.android.tools.r8.ir.regalloc.LinearScanRegisterAllocator::a (264 bytes)


---------------  P R O C E S S  ---------------

Java Threads: ( => current thread )
  0x00000000188ca800 JavaThread "Cache worker for Java compile cache (C:\Users\Asus\Documents\2\.gradle\5.6.4\javaCompile)" [_thread_blocked, id=10284, stack(0x000000002fd40000,0x000000002fe40000)]
  0x00000000188ca000 JavaThread "Cache worker for Java compile cache (C:\Users\Asus\.gradle\caches\5.6.4\javaCompile)" [_thread_blocked, id=11460, stack(0x000000002fc40000,0x000000002fd40000)]
  0x00000000188c3000 JavaThread "WorkerExecutor Queue Thread 2" [_thread_blocked, id=9892, stack(0x000000002e440000,0x000000002e540000)]
  0x00000000188c5800 JavaThread "WorkerExecutor Queue" [_thread_blocked, id=724, stack(0x000000002f940000,0x000000002fa40000)]
  0x00000000188bd000 JavaThread "RMI TCP Connection(2)-127.0.0.1" daemon [_thread_in_native, id=10732, stack(0x000000002f840000,0x000000002f940000)]
  0x00000000188bc800 JavaThread "RMI Reaper" [_thread_blocked, id=14016, stack(0x000000002e740000,0x000000002e840000)]
  0x00000000188c1800 JavaThread "RMI TCP Accept-0" daemon [_thread_in_native, id=12120, stack(0x000000002e640000,0x000000002e740000)]
  0x00000000188c1000 JavaThread "GC Daemon" daemon [_thread_blocked, id=9180, stack(0x000000002e540000,0x000000002e640000)]
  0x0000000020376000 JavaThread "RMI Scheduler(0)" daemon [_thread_blocked, id=5092, stack(0x000000002ce90000,0x000000002cf90000)]
  0x000000002036e800 JavaThread "Cache worker for execution history cache (C:\Users\Asus\Documents\2\.gradle\5.6.4\executionHistory)" [_thread_blocked, id=1892, stack(0x000000002cd90000,0x000000002ce90000)]
  0x0000000020375800 JavaThread "Execution worker for ':' Thread 7" [_thread_blocked, id=4016, stack(0x000000002cc90000,0x000000002cd90000)]
  0x0000000020371800 JavaThread "Execution worker for ':' Thread 6" [_thread_blocked, id=3196, stack(0x000000002cb90000,0x000000002cc90000)]
  0x0000000020374800 JavaThread "Execution worker for ':' Thread 5" [_thread_in_Java, id=14416, stack(0x000000002c5f0000,0x000000002c6f0000)]
  0x0000000020371000 JavaThread "Execution worker for ':' Thread 4" [_thread_in_native, id=9832, stack(0x000000002c4f0000,0x000000002c5f0000)]
  0x0000000020372800 JavaThread "Execution worker for ':' Thread 3" [_thread_blocked, id=8356, stack(0x000000002c3f0000,0x000000002c4f0000)]
  0x0000000020367000 JavaThread "Execution worker for ':' Thread 2" [_thread_blocked, id=9048, stack(0x000000002c2f0000,0x000000002c3f0000)]
  0x000000002036a000 JavaThread "Execution worker for ':'" [_thread_in_Java, id=1692, stack(0x000000002bdf0000,0x000000002bef0000)]
  0x0000000020369000 JavaThread "Cache worker for file content cache (C:\Users\Asus\Documents\2\.gradle\5.6.4\fileContent)" [_thread_blocked, id=9176, stack(0x000000002bcf0000,0x000000002bdf0000)]
  0x000000002036e000 JavaThread "Cache worker for Build Output Cleanup Cache (C:\Users\Asus\Documents\2\.gradle\buildOutputCleanup)" [_thread_blocked, id=3188, stack(0x000000002b7f0000,0x000000002b8f0000)]
  0x000000001f2b6000 JavaThread "pool-31-thread-1" [_thread_blocked, id=5192, stack(0x000000002b6f0000,0x000000002b7f0000)]
  0x000000001f2b6800 JavaThread "Build operations Thread 8" [_thread_blocked, id=8752, stack(0x0000000028db0000,0x0000000028eb0000)]
  0x000000001f2b5000 JavaThread "Build operations Thread 7" [_thread_blocked, id=9512, stack(0x0000000026fd0000,0x00000000270d0000)]
  0x000000001f2b3000 JavaThread "Build operations Thread 6" [_thread_blocked, id=11572, stack(0x0000000025430000,0x0000000025530000)]
  0x000000001f2b3800 JavaThread "Build operations Thread 5" [_thread_blocked, id=13096, stack(0x0000000024c00000,0x0000000024d00000)]
  0x000000001f2b4800 JavaThread "Build operations Thread 4" [_thread_blocked, id=260, stack(0x0000000024b00000,0x0000000024c00000)]
  0x000000001f2b2000 JavaThread "Build operations Thread 3" [_thread_blocked, id=15520, stack(0x0000000024a00000,0x0000000024b00000)]
  0x000000001f2b7800 JavaThread "Build operations Thread 2" [_thread_blocked, id=16676, stack(0x0000000024900000,0x0000000024a00000)]
  0x000000001f2aa800 JavaThread "Build operations" [_thread_blocked, id=8132, stack(0x0000000024800000,0x0000000024900000)]
  0x000000001f2b1800 JavaThread "Cache worker for cache directory md-rule (C:\Users\Asus\.gradle\caches\5.6.4\md-rule)" [_thread_blocked, id=6132, stack(0x0000000024700000,0x0000000024800000)]
  0x000000001f2a9000 JavaThread "Cache worker for cache directory md-supplier (C:\Users\Asus\.gradle\caches\5.6.4\md-supplier)" [_thread_blocked, id=12080, stack(0x0000000023fa0000,0x00000000240a0000)]
  0x000000001f2ad000 JavaThread "Cache worker for file hash cache (C:\Users\Asus\Documents\2\.gradle\5.6.4\fileHashes)" [_thread_blocked, id=15988, stack(0x0000000022e00000,0x0000000022f00000)]
  0x000000001f2b0000 JavaThread "Thread-275" [_thread_blocked, id=8528, stack(0x0000000022ad0000,0x0000000022bd0000)]
  0x000000001f2ac000 JavaThread "Stdin handler" [_thread_blocked, id=14224, stack(0x0000000020870000,0x0000000020970000)]
  0x000000001f2a8800 JavaThread "Asynchronous log dispatcher for DefaultDaemonConnection: socket connection from /127.0.0.1:61272 to /127.0.0.1:63872" [_thread_blocked, id=11236, stack(0x000000001cb40000,0x000000001cc40000)]
  0x000000001f2af000 JavaThread "Cancel handler" [_thread_blocked, id=7440, stack(0x000000001c540000,0x000000001c640000)]
  0x000000001f2ae800 JavaThread "Handler for socket connection from /127.0.0.1:61272 to /127.0.0.1:63872" [_thread_in_native, id=17324, stack(0x0000000000d70000,0x0000000000e70000)]
  0x0000000019beb000 JavaThread "Daemon worker Thread 4" [_thread_blocked, id=1492, stack(0x000000001c640000,0x000000001c740000)]
  0x0000000019bea000 JavaThread "Daemon Thread 4" [_thread_blocked, id=7656, stack(0x0000000000c70000,0x0000000000d70000)]
  0x00000000188c2800 JavaThread "MarlinRenderer Disposer" daemon [_thread_blocked, id=12792, stack(0x000000002ca90000,0x000000002cb90000)]
  0x00000000188bf800 JavaThread "Java2D Disposer" daemon [_thread_blocked, id=6608, stack(0x000000002c8f0000,0x000000002c9f0000)]
  0x0000000019be9800 JavaThread "Cache worker for file content cache (C:\Users\Asus\.gradle\caches\5.6.4\fileContent)" [_thread_blocked, id=14816, stack(0x0000000024d00000,0x0000000024e00000)]
  0x0000000019bf0000 JavaThread "Memory manager" [_thread_blocked, id=1500, stack(0x0000000025f30000,0x0000000026030000)]
  0x0000000019be8800 JavaThread "Cache worker for execution history cache (C:\Users\Asus\.gradle\caches\5.6.4\executionHistory)" [_thread_blocked, id=11536, stack(0x0000000021200000,0x0000000021300000)]
  0x0000000019bcc800 JavaThread "Cache worker for journal cache (C:\Users\Asus\.gradle\caches\journal-1)" [_thread_blocked, id=8264, stack(0x000000001d340000,0x000000001d440000)]
  0x0000000019bcc000 JavaThread "File lock request listener" [_thread_in_native, id=9664, stack(0x000000001d240000,0x000000001d340000)]
  0x0000000019bc8000 JavaThread "Cache worker for file hash cache (C:\Users\Asus\.gradle\caches\5.6.4\fileHashes)" [_thread_blocked, id=12780, stack(0x000000001d140000,0x000000001d240000)]
  0x000000001ae55800 JavaThread "Daemon periodic checks" [_thread_blocked, id=15448, stack(0x000000001c440000,0x000000001c540000)]
  0x000000001ae3a800 JavaThread "Incoming local TCP Connector on port 61272" [_thread_in_native, id=15324, stack(0x000000001c1f0000,0x000000001c2f0000)]
  0x00000000188f7000 JavaThread "Daemon health stats" [_thread_blocked, id=2940, stack(0x000000001bbb0000,0x000000001bcb0000)]
  0x00000000185c6000 JavaThread "Service Thread" daemon [_thread_blocked, id=17280, stack(0x0000000019210000,0x0000000019310000)]
  0x0000000018549000 JavaThread "C1 CompilerThread3" daemon [_thread_in_native, id=9736, stack(0x0000000019110000,0x0000000019210000)]
=>0x0000000018538800 JavaThread "C2 CompilerThread2" daemon [_thread_in_native, id=10432, stack(0x0000000019010000,0x0000000019110000)]
  0x000000001673b800 JavaThread "C2 CompilerThread1" daemon [_thread_in_native, id=1300, stack(0x0000000018f10000,0x0000000019010000)]
  0x0000000018533800 JavaThread "C2 CompilerThread0" daemon [_thread_in_native, id=12044, stack(0x0000000018e10000,0x0000000018f10000)]
  0x0000000018532800 JavaThread "Attach Listener" daemon [_thread_blocked, id=8008, stack(0x0000000018d10000,0x0000000018e10000)]
  0x0000000018536000 JavaThread "Signal Dispatcher" daemon [_thread_blocked, id=13264, stack(0x0000000018c10000,0x0000000018d10000)]
  0x0000000018520800 JavaThread "Finalizer" daemon [_thread_blocked, id=15788, stack(0x0000000018a00000,0x0000000018b00000)]
  0x000000001672c800 JavaThread "Reference Handler" daemon [_thread_blocked, id=6452, stack(0x0000000018900000,0x0000000018a00000)]
  0x0000000000f5e000 JavaThread "main" [_thread_blocked, id=16108, stack(0x0000000002770000,0x0000000002870000)]

Other Threads:
  0x0000000016726000 VMThread [stack: 0x0000000018400000,0x0000000018500000] [id=8888]
  0x00000000185c6800 WatcherThread [stack: 0x0000000019310000,0x0000000019410000] [id=5624]

VM state:not at safepoint (normal execution)

VM Mutex/Monitor currently owned by a thread: None

OutOfMemory and StackOverflow Exception counts:
OutOfMemoryError java_heap_errors=1

heap address: 0x00000000a0000000, size: 1536 MB, Compressed Oops mode: 32-bit
Narrow klass base: 0x0000000000000000, Narrow klass shift: 3
Compressed class space size: 1073741824 Address: 0x0000000100000000

Heap:
 PSYoungGen      total 295424K, used 172046K [0x00000000e0000000, 0x00000000f7780000, 0x0000000100000000)
  eden space 207360K, 48% used [0x00000000e0000000,0x00000000e62a72a0,0x00000000eca80000)
  from space 88064K, 80% used [0x00000000eca80000,0x00000000f0fdc840,0x00000000f2080000)
  to   space 86016K, 0% used [0x00000000f2080000,0x00000000f2080000,0x00000000f7480000)
 ParOldGen       total 226816K, used 68647K [0x00000000a0000000, 0x00000000add80000, 0x00000000e0000000)
  object space 226816K, 30% used [0x00000000a0000000,0x00000000a4309ed0,0x00000000add80000)
 Metaspace       used 136770K, capacity 144504K, committed 144832K, reserved 1175552K
  class space    used 17619K, capacity 19077K, committed 19200K, reserved 1048576K

Card table byte_map: [0x0000000011d30000,0x0000000012040000] byte_map_base: 0x0000000011830000

Marking Bits: (ParMarkBitMap*) 0x0000000053aa9f30
 Begin Bits: [0x0000000012a40000, 0x0000000014240000)
 End Bits:   [0x0000000014240000, 0x0000000015a40000)

Polling page: 0x0000000000900000

CodeCache: size=245760Kb used=71437Kb max_used=71448Kb free=174322Kb
 bounds [0x0000000002970000, 0x0000000006fa0000, 0x0000000011970000]
 total_blobs=21254 nmethods=20195 adapters=970
 compilation: enabled

Compilation events (10 events):
Event: 3301.495 Thread 0x0000000018549000 nmethod 25688 0x0000000006f05e50 code [0x0000000006f06000, 0x0000000006f06408]
Event: 3301.495 Thread 0x0000000018549000 25693       2       com.android.tools.r8.graph.C::a (34 bytes)
Event: 3301.495 Thread 0x0000000018549000 nmethod 25693 0x0000000006f067d0 code [0x0000000006f06940, 0x0000000006f06b88]
Event: 3301.495 Thread 0x0000000018549000 25685       2       com.android.tools.r8.u.b.l::a (36 bytes)
Event: 3301.496 Thread 0x0000000018549000 nmethod 25685 0x0000000006f06cd0 code [0x0000000006f06e80, 0x0000000006f07288]
Event: 3301.496 Thread 0x0000000018549000 25683       2       com.android.tools.r8.u.a.h.e::a (147 bytes)
Event: 3301.497 Thread 0x0000000018549000 nmethod 25683 0x0000000006f075d0 code [0x0000000006f07820, 0x0000000006f08098]
Event: 3301.497 Thread 0x0000000018549000 25692       2       com.android.tools.r8.ir.regalloc.LinearScanRegisterAllocator::a (723 bytes)
Event: 3301.503 Thread 0x0000000018549000 nmethod 25692 0x0000000006f088d0 code [0x0000000006f08d60, 0x0000000006f0a338]
Event: 3301.503 Thread 0x0000000018549000 25706 %     3       com.android.tools.r8.u.c.M::a @ 153 (3068 bytes)

GC Heap History (10 events):
Event: 3108.893 GC heap before
{Heap before GC invocations=41 (full 4):
 PSYoungGen      total 260096K, used 254538K [0x00000000e0000000, 0x00000000f5680000, 0x0000000100000000)
  eden space 193536K, 100% used [0x00000000e0000000,0x00000000ebd00000,0x00000000ebd00000)
  from space 66560K, 91% used [0x00000000f0600000,0x00000000f4192bb0,0x00000000f4700000)
  to   space 74752K, 0% used [0x00000000ebd00000,0x00000000ebd00000,0x00000000f0600000)
 ParOldGen       total 226816K, used 68607K [0x00000000a0000000, 0x00000000add80000, 0x00000000e0000000)
  object space 226816K, 30% used [0x00000000a0000000,0x00000000a42ffed0,0x00000000add80000)
 Metaspace       used 120968K, capacity 126676K, committed 126784K, reserved 1159168K
  class space    used 15373K, capacity 16502K, committed 16512K, reserved 1048576K
Event: 3108.943 GC heap after
Heap after GC invocations=41 (full 4):
 PSYoungGen      total 268288K, used 73157K [0x00000000e0000000, 0x00000000f6e80000, 0x0000000100000000)
  eden space 193536K, 0% used [0x00000000e0000000,0x00000000e0000000,0x00000000ebd00000)
  from space 74752K, 97% used [0x00000000ebd00000,0x00000000f0471768,0x00000000f0600000)
  to   space 85504K, 0% used [0x00000000f1b00000,0x00000000f1b00000,0x00000000f6e80000)
 ParOldGen       total 226816K, used 68615K [0x00000000a0000000, 0x00000000add80000, 0x00000000e0000000)
  object space 226816K, 30% used [0x00000000a0000000,0x00000000a4301ed0,0x00000000add80000)
 Metaspace       used 120968K, capacity 126676K, committed 126784K, reserved 1159168K
  class space    used 15373K, capacity 16502K, committed 16512K, reserved 1048576K
}
Event: 3157.704 GC heap before
{Heap before GC invocations=42 (full 4):
 PSYoungGen      total 268288K, used 266693K [0x00000000e0000000, 0x00000000f6e80000, 0x0000000100000000)
  eden space 193536K, 100% used [0x00000000e0000000,0x00000000ebd00000,0x00000000ebd00000)
  from space 74752K, 97% used [0x00000000ebd00000,0x00000000f0471768,0x00000000f0600000)
  to   space 85504K, 0% used [0x00000000f1b00000,0x00000000f1b00000,0x00000000f6e80000)
 ParOldGen       total 226816K, used 68615K [0x00000000a0000000, 0x00000000add80000, 0x00000000e0000000)
  object space 226816K, 30% used [0x00000000a0000000,0x00000000a4301ed0,0x00000000add80000)
 Metaspace       used 121294K, capacity 127152K, committed 127424K, reserved 1161216K
  class space    used 15410K, capacity 16570K, committed 16640K, reserved 1048576K
Event: 3157.735 GC heap after
Heap after GC invocations=42 (full 4):
 PSYoungGen      total 284672K, used 48038K [0x00000000e0000000, 0x00000000f6b80000, 0x0000000100000000)
  eden space 202240K, 0% used [0x00000000e0000000,0x00000000e0000000,0x00000000ec580000)
  from space 82432K, 58% used [0x00000000f1b00000,0x00000000f49e9bc0,0x00000000f6b80000)
  to   space 84992K, 0% used [0x00000000ec580000,0x00000000ec580000,0x00000000f1880000)
 ParOldGen       total 226816K, used 68623K [0x00000000a0000000, 0x00000000add80000, 0x00000000e0000000)
  object space 226816K, 30% used [0x00000000a0000000,0x00000000a4303ed0,0x00000000add80000)
 Metaspace       used 121294K, capacity 127152K, committed 127424K, reserved 1161216K
  class space    used 15410K, capacity 16570K, committed 16640K, reserved 1048576K
}
Event: 3245.500 GC heap before
{Heap before GC invocations=43 (full 4):
 PSYoungGen      total 284672K, used 250278K [0x00000000e0000000, 0x00000000f6b80000, 0x0000000100000000)
  eden space 202240K, 100% used [0x00000000e0000000,0x00000000ec580000,0x00000000ec580000)
  from space 82432K, 58% used [0x00000000f1b00000,0x00000000f49e9bc0,0x00000000f6b80000)
  to   space 84992K, 0% used [0x00000000ec580000,0x00000000ec580000,0x00000000f1880000)
 ParOldGen       total 226816K, used 68623K [0x00000000a0000000, 0x00000000add80000, 0x00000000e0000000)
  object space 226816K, 30% used [0x00000000a0000000,0x00000000a4303ed0,0x00000000add80000)
 Metaspace       used 122636K, capacity 128870K, committed 129088K, reserved 1161216K
  class space    used 15566K, capacity 16768K, committed 16768K, reserved 1048576K
Event: 3245.536 GC heap after
Heap after GC invocations=43 (full 4):
 PSYoungGen      total 287232K, used 53877K [0x00000000e0000000, 0x00000000f7480000, 0x0000000100000000)
  eden space 202240K, 0% used [0x00000000e0000000,0x00000000e0000000,0x00000000ec580000)
  from space 84992K, 63% used [0x00000000ec580000,0x00000000efa1d540,0x00000000f1880000)
  to   space 86016K, 0% used [0x00000000f2080000,0x00000000f2080000,0x00000000f7480000)
 ParOldGen       total 226816K, used 68631K [0x00000000a0000000, 0x00000000add80000, 0x00000000e0000000)
  object space 226816K, 30% used [0x00000000a0000000,0x00000000a4305ed0,0x00000000add80000)
 Metaspace       used 122636K, capacity 128870K, committed 129088K, reserved 1161216K
  class space    used 15566K, capacity 16768K, committed 16768K, reserved 1048576K
}
Event: 3293.701 GC heap before
{Heap before GC invocations=44 (full 4):
 PSYoungGen      total 287232K, used 256110K [0x00000000e0000000, 0x00000000f7480000, 0x0000000100000000)
  eden space 202240K, 99% used [0x00000000e0000000,0x00000000ec57e350,0x00000000ec580000)
  from space 84992K, 63% used [0x00000000ec580000,0x00000000efa1d540,0x00000000f1880000)
  to   space 86016K, 0% used [0x00000000f2080000,0x00000000f2080000,0x00000000f7480000)
 ParOldGen       total 226816K, used 68631K [0x00000000a0000000, 0x00000000add80000, 0x00000000e0000000)
  object space 226816K, 30% used [0x00000000a0000000,0x00000000a4305ed0,0x00000000add80000)
 Metaspace       used 124270K, capacity 130732K, committed 131008K, reserved 1163264K
  class space    used 15808K, capacity 17037K, committed 17152K, reserved 1048576K
Event: 3293.744 GC heap after
Heap after GC invocations=44 (full 4):
 PSYoungGen      total 293376K, used 56425K [0x00000000e0000000, 0x00000000f7780000, 0x0000000100000000)
  eden space 207360K, 0% used [0x00000000e0000000,0x00000000e0000000,0x00000000eca80000)
  from space 86016K, 65% used [0x00000000f2080000,0x00000000f579a518,0x00000000f7480000)
  to   space 88064K, 0% used [0x00000000eca80000,0x00000000eca80000,0x00000000f2080000)
 ParOldGen       total 226816K, used 68639K [0x00000000a0000000, 0x00000000add80000, 0x00000000e0000000)
  object space 226816K, 30% used [0x00000000a0000000,0x00000000a4307ed0,0x00000000add80000)
 Metaspace       used 124270K, capacity 130732K, committed 131008K, reserved 1163264K
  class space    used 15808K, capacity 17037K, committed 17152K, reserved 1048576K
}
Event: 3299.436 GC heap before
{Heap before GC invocations=45 (full 4):
 PSYoungGen      total 293376K, used 263785K [0x00000000e0000000, 0x00000000f7780000, 0x0000000100000000)
  eden space 207360K, 100% used [0x00000000e0000000,0x00000000eca80000,0x00000000eca80000)
  from space 86016K, 65% used [0x00000000f2080000,0x00000000f579a518,0x00000000f7480000)
  to   space 88064K, 0% used [0x00000000eca80000,0x00000000eca80000,0x00000000f2080000)
 ParOldGen       total 226816K, used 68639K [0x00000000a0000000, 0x00000000add80000, 0x00000000e0000000)
  object space 226816K, 30% used [0x00000000a0000000,0x00000000a4307ed0,0x00000000add80000)
 Metaspace       used 135202K, capacity 142590K, committed 142784K, reserved 1173504K
  class space    used 17444K, capacity 18850K, committed 18944K, reserved 1048576K
Event: 3299.560 GC heap after
Heap after GC invocations=45 (full 4):
 PSYoungGen      total 295424K, used 71026K [0x00000000e0000000, 0x00000000f7780000, 0x0000000100000000)
  eden space 207360K, 0% used [0x00000000e0000000,0x00000000e0000000,0x00000000eca80000)
  from space 88064K, 80% used [0x00000000eca80000,0x00000000f0fdc840,0x00000000f2080000)
  to   space 86016K, 0% used [0x00000000f2080000,0x00000000f2080000,0x00000000f7480000)
 ParOldGen       total 226816K, used 68647K [0x00000000a0000000, 0x00000000add80000, 0x00000000e0000000)
  object space 226816K, 30% used [0x00000000a0000000,0x00000000a4309ed0,0x00000000add80000)
 Metaspace       used 135202K, capacity 142590K, committed 142784K, reserved 1173504K
  class space    used 17444K, capacity 18850K, committed 18944K, reserved 1048576K
}

Deoptimization events (10 events):
Event: 3301.386 Thread 0x000000002036a000 Uncommon trap: reason=class_check action=maybe_recompile pc=0x000000000399c03c method=com.android.tools.r8.u.a.h.e.b(Lcom/android/tools/r8/u/b/d0;)V @ 226
Event: 3301.387 Thread 0x000000002036a000 Uncommon trap: reason=class_check action=maybe_recompile pc=0x000000000399c03c method=com.android.tools.r8.u.a.h.e.b(Lcom/android/tools/r8/u/b/d0;)V @ 226
Event: 3301.387 Thread 0x000000002036a000 Uncommon trap: reason=class_check action=maybe_recompile pc=0x000000000399c03c method=com.android.tools.r8.u.a.h.e.b(Lcom/android/tools/r8/u/b/d0;)V @ 226
Event: 3301.409 Thread 0x00000000188c5800 Uncommon trap: reason=unstable_if action=reinterpret pc=0x0000000002f17244 method=java.lang.String.indexOf([CII[CIII)I @ 27
Event: 3301.409 Thread 0x00000000188c5800 Uncommon trap: reason=unstable_if action=reinterpret pc=0x00000000048bf60c method=sun.nio.fs.WindowsPath.getFileName()Ljava/nio/file/Path; @ 22
Event: 3301.410 Thread 0x00000000188c5800 Uncommon trap: reason=unstable_if action=reinterpret pc=0x00000000047592b4 method=java.lang.String.indexOf([CII[CIII)I @ 27
Event: 3301.434 Thread 0x0000000019beb000 Uncommon trap: reason=unstable_if action=reinterpret pc=0x0000000006d8d478 method=com.android.tools.r8.v.a.a.a.h.T0.a(Ljava/lang/Object;)I @ 52
Event: 3301.471 Thread 0x0000000020374800 Uncommon trap: reason=unstable_if action=reinterpret pc=0x00000000033d161c method=java.util.HashMap.getNode(ILjava/lang/Object;)Ljava/util/HashMap$Node; @ 84
Event: 3301.471 Thread 0x0000000020374800 Uncommon trap: reason=unstable_if action=reinterpret pc=0x0000000002c13e88 method=java.util.HashMap.putVal(ILjava/lang/Object;Ljava/lang/Object;ZZ)Ljava/lang/Object; @ 109
Event: 3301.472 Thread 0x0000000020374800 Uncommon trap: reason=unstable_if action=reinterpret pc=0x0000000002ab07b4 method=java.util.HashMap.getNode(ILjava/lang/Object;)Ljava/util/HashMap$Node; @ 84

Classes redefined (0 events):
No events

Internal exceptions (10 events):
Event: 3294.361 Thread 0x0000000020374800 Exception <a 'sun/nio/fs/WindowsException'> (0x00000000e104a460) thrown at [D:\src\AOSP-openjdk-cygwin\jdk8u\hotspot\src\share\vm\prims\jni.cpp, line 710]
Event: 3294.527 Thread 0x00000000188c5800 Exception <a 'java/lang/NoSuchMethodError': java.lang.Object.lambda$asRunnable$0(Lcom/android/tools/build/apkzlib/utils/IOExceptionRunnable;)V> (0x00000000e110c030) thrown at [D:\src\AOSP-openjdk-cygwin\jdk8u\hotspot\src\share\vm\interpreter\linkResolver.
Event: 3295.319 Thread 0x00000000188c5800 Exception <a 'java/lang/NoSuchMethodError': java.lang.Object.newSystemTemporaryDirectory()Lcom/android/tools/build/apkzlib/bytestorage/TemporaryDirectory;> (0x00000000e4f08318) thrown at [D:\src\AOSP-openjdk-cygwin\jdk8u\hotspot\src\share\vm\interpreter\l
Event: 3298.642 Thread 0x0000000020374800 Exception <a 'java/lang/NoSuchMethodError': java.lang.Object.lambda$maxBy$1(Ljava/util/Comparator;Ljava/lang/Object;Ljava/lang/Object;)Ljava/lang/Object;> (0x00000000ead5c9c0) thrown at [D:\src\AOSP-openjdk-cygwin\jdk8u\hotspot\src\share\vm\interpreter\li
Event: 3298.642 Thread 0x0000000020371000 Exception <a 'java/lang/NoSuchMethodError': java.lang.Object.lambda$maxBy$1(Ljava/util/Comparator;Ljava/lang/Object;Ljava/lang/Object;)Ljava/lang/Object;> (0x00000000eac2dfc8) thrown at [D:\src\AOSP-openjdk-cygwin\jdk8u\hotspot\src\share\vm\interpreter\li
Event: 3298.642 Thread 0x0000000020371800 Exception <a 'java/lang/NoSuchMethodError': java.lang.Object.lambda$maxBy$1(Ljava/util/Comparator;Ljava/lang/Object;Ljava/lang/Object;)Ljava/lang/Object;> (0x00000000ead42340) thrown at [D:\src\AOSP-openjdk-cygwin\jdk8u\hotspot\src\share\vm\interpreter\li
Event: 3298.642 Thread 0x000000002036a000 Exception <a 'java/lang/NoSuchMethodError': java.lang.Object.lambda$maxBy$1(Ljava/util/Comparator;Ljava/lang/Object;Ljava/lang/Object;)Ljava/lang/Object;> (0x00000000eae07b98) thrown at [D:\src\AOSP-openjdk-cygwin\jdk8u\hotspot\src\share\vm\interpreter\li
Event: 3298.642 Thread 0x0000000019beb000 Exception <a 'java/lang/NoSuchMethodError': java.lang.Object.lambda$maxBy$1(Ljava/util/Comparator;Ljava/lang/Object;Ljava/lang/Object;)Ljava/lang/Object;> (0x00000000e9f93b28) thrown at [D:\src\AOSP-openjdk-cygwin\jdk8u\hotspot\src\share\vm\interpreter\li
Event: 3301.108 Thread 0x0000000020372800 Exception <a 'java/lang/OutOfMemoryError'> (0x00000000e00f67c0) thrown at [D:\src\AOSP-openjdk-cygwin\jdk8u\hotspot\src\share\vm\prims\jni.cpp, line 736]
Event: 3301.181 Thread 0x0000000020372800 Exception <a 'java/lang/reflect/InvocationTargetException'> (0x00000000e00f9490) thrown at [D:\src\AOSP-openjdk-cygwin\jdk8u\hotspot\src\share\vm\runtime\reflection.cpp, line 1092]

Events (10 events):
Event: 3301.497 loading class com/google/common/io/Closer
Event: 3301.497 loading class com/google/common/io/Closer done
Event: 3301.497 loading class com/android/tools/build/apkzlib/bytestorage/SwitchableDelegateCloseableByteSource$1
Event: 3301.497 loading class com/android/tools/build/apkzlib/bytestorage/SwitchableDelegateCloseableByteSource$1 done
Event: 3301.498 loading class com/android/tools/build/apkzlib/bytestorage/SwitchableDelegateInputStream
Event: 3301.498 loading class com/android/tools/build/apkzlib/bytestorage/SwitchableDelegateInputStream done
Event: 3301.498 loading class com/android/tools/r8/v/a/a/a/h/M
Event: 3301.498 loading class com/android/tools/r8/v/a/a/a/h/M done
Event: 3301.499 loading class com/android/tools/build/apkzlib/zip/utils/CloseableDelegateByteSource$ByteSourceDisposedException
Event: 3301.499 loading class com/android/tools/build/apkzlib/zip/utils/CloseableDelegateByteSource$ByteSourceDisposedException done


Dynamic libraries:
0x00007ff6f1ca0000 - 0x00007ff6f1cd1000 	C:\Program Files\Android\Android Studio\jre\bin\java.exe
0x00007ff9d7c40000 - 0x00007ff9d7e30000 	C:\WINDOWS\SYSTEM32\ntdll.dll
0x00007ff9d7040000 - 0x00007ff9d70f2000 	C:\WINDOWS\System32\KERNEL32.DLL
0x00007ff9d5850000 - 0x00007ff9d5af3000 	C:\WINDOWS\System32\KERNELBASE.dll
0x00007ff9d5e50000 - 0x00007ff9d5ef3000 	C:\WINDOWS\System32\ADVAPI32.dll
0x00007ff9d6950000 - 0x00007ff9d69ee000 	C:\WINDOWS\System32\msvcrt.dll
0x00007ff9d6e50000 - 0x00007ff9d6ee7000 	C:\WINDOWS\System32\sechost.dll
0x00007ff9d6b50000 - 0x00007ff9d6c70000 	C:\WINDOWS\System32\RPCRT4.dll
0x00007ff9d7500000 - 0x00007ff9d7694000 	C:\WINDOWS\System32\USER32.dll
0x00007ff9d5350000 - 0x00007ff9d5371000 	C:\WINDOWS\System32\win32u.dll
0x00007ff9d7110000 - 0x00007ff9d7136000 	C:\WINDOWS\System32\GDI32.dll
0x00007ff9d5b50000 - 0x00007ff9d5ce4000 	C:\WINDOWS\System32\gdi32full.dll
0x00007ff9d54b0000 - 0x00007ff9d554e000 	C:\WINDOWS\System32\msvcp_win.dll
0x00007ff9d5550000 - 0x00007ff9d564a000 	C:\WINDOWS\System32\ucrtbase.dll
0x00007ff9c70b0000 - 0x00007ff9c7335000 	C:\WINDOWS\WinSxS\amd64_microsoft.windows.common-controls_6595b64144ccf1df_6.0.18362.720_none_e6beb5c51314836b\COMCTL32.dll
0x00007ff9d71c0000 - 0x00007ff9d74f6000 	C:\WINDOWS\System32\combase.dll
0x00007ff9d5430000 - 0x00007ff9d54b0000 	C:\WINDOWS\System32\bcryptPrimitives.dll
0x00007ff9d6c70000 - 0x00007ff9d6c9e000 	C:\WINDOWS\System32\IMM32.DLL
0x00000000525b0000 - 0x0000000052682000 	C:\Program Files\Android\Android Studio\jre\jre\bin\msvcr100.dll
0x00000000532e0000 - 0x0000000053b26000 	C:\Program Files\Android\Android Studio\jre\jre\bin\server\jvm.dll
0x00007ff9d7030000 - 0x00007ff9d7038000 	C:\WINDOWS\System32\PSAPI.DLL
0x00007ff9d27a0000 - 0x00007ff9d27a9000 	C:\WINDOWS\SYSTEM32\WSOCK32.dll
0x00007ff9d26c0000 - 0x00007ff9d26e4000 	C:\WINDOWS\SYSTEM32\WINMM.dll
0x00007ff9ce790000 - 0x00007ff9ce79a000 	C:\WINDOWS\SYSTEM32\VERSION.dll
0x00007ff9d6ef0000 - 0x00007ff9d6f5f000 	C:\WINDOWS\System32\WS2_32.dll
0x00007ff9d2090000 - 0x00007ff9d20bd000 	C:\WINDOWS\SYSTEM32\WINMMBASE.dll
0x00007ff9d53e0000 - 0x00007ff9d542a000 	C:\WINDOWS\System32\cfgmgr32.dll
0x00007ff9d0260000 - 0x00007ff9d026f000 	C:\Program Files\Android\Android Studio\jre\jre\bin\verify.dll
0x00007ff9d0230000 - 0x00007ff9d0259000 	C:\Program Files\Android\Android Studio\jre\jre\bin\java.dll
0x00007ff9c99c0000 - 0x00007ff9c99d6000 	C:\Program Files\Android\Android Studio\jre\jre\bin\zip.dll
0x00007ff9d6120000 - 0x00007ff9d6805000 	C:\WINDOWS\System32\SHELL32.dll
0x00007ff9d5cf0000 - 0x00007ff9d5d99000 	C:\WINDOWS\System32\shcore.dll
0x00007ff9d4bd0000 - 0x00007ff9d5350000 	C:\WINDOWS\System32\windows.storage.dll
0x00007ff9d4b60000 - 0x00007ff9d4b83000 	C:\WINDOWS\System32\profapi.dll
0x00007ff9d4b10000 - 0x00007ff9d4b5a000 	C:\WINDOWS\System32\powrprof.dll
0x00007ff9d4b00000 - 0x00007ff9d4b10000 	C:\WINDOWS\System32\UMPDC.dll
0x00007ff9d6d70000 - 0x00007ff9d6dc2000 	C:\WINDOWS\System32\shlwapi.dll
0x00007ff9d4bb0000 - 0x00007ff9d4bc1000 	C:\WINDOWS\System32\kernel.appcore.dll
0x00007ff9d5b30000 - 0x00007ff9d5b47000 	C:\WINDOWS\System32\cryptsp.dll
0x00007ff9c99a0000 - 0x00007ff9c99ba000 	C:\Program Files\Android\Android Studio\jre\jre\bin\net.dll
0x00007ff9c6430000 - 0x00007ff9c6605000 	C:\WINDOWS\SYSTEM32\urlmon.dll
0x00007ff9c7e50000 - 0x00007ff9c80f6000 	C:\WINDOWS\SYSTEM32\iertutil.dll
0x00007ff9d4540000 - 0x00007ff9d454c000 	C:\WINDOWS\SYSTEM32\CRYPTBASE.DLL
0x00007ff9d4310000 - 0x00007ff9d4377000 	C:\WINDOWS\system32\mswsock.dll
0x00007ff9c9980000 - 0x00007ff9c9993000 	C:\Program Files\Android\Android Studio\jre\jre\bin\nio.dll
0x00007ff9c9a80000 - 0x00007ff9c9aa6000 	C:\Users\Asus\.gradle\native\30\windows-amd64\native-platform.dll
0x00007ff9cb660000 - 0x00007ff9cb66d000 	C:\Program Files\Android\Android Studio\jre\jre\bin\management.dll
0x00007ff9d3e80000 - 0x00007ff9d3eb3000 	C:\WINDOWS\system32\rsaenh.dll
0x00007ff9d5b00000 - 0x00007ff9d5b26000 	C:\WINDOWS\System32\bcrypt.dll
0x00007ff9d4a20000 - 0x00007ff9d4a45000 	C:\WINDOWS\SYSTEM32\USERENV.dll
0x00007ff9d4020000 - 0x00007ff9d405a000 	C:\WINDOWS\SYSTEM32\IPHLPAPI.DLL
0x00007ff9d7100000 - 0x00007ff9d7108000 	C:\WINDOWS\System32\NSI.dll
0x00007ff9ce010000 - 0x00007ff9ce026000 	C:\WINDOWS\SYSTEM32\dhcpcsvc6.DLL
0x00007ff9cdea0000 - 0x00007ff9cdebc000 	C:\WINDOWS\SYSTEM32\dhcpcsvc.DLL
0x00007ff9d4060000 - 0x00007ff9d412a000 	C:\WINDOWS\SYSTEM32\DNSAPI.dll
0x00007ff9c92f0000 - 0x00007ff9c9314000 	C:\Program Files\Android\Android Studio\jre\jre\bin\sunec.dll
0x00007ff9c3820000 - 0x00007ff9c382a000 	C:\Windows\System32\rasadhlp.dll
0x00007ff9cdb10000 - 0x00007ff9cdb87000 	C:\WINDOWS\System32\fwpuclnt.dll
0x00007ff9cc650000 - 0x00007ff9cc65b000 	C:\Program Files\Android\Android Studio\jre\jre\bin\sunmscapi.dll
0x00007ff9d5650000 - 0x00007ff9d5799000 	C:\WINDOWS\System32\CRYPT32.dll
0x00007ff9d4b90000 - 0x00007ff9d4ba2000 	C:\WINDOWS\System32\MSASN1.dll
0x00007ff9d3c10000 - 0x00007ff9d3c41000 	C:\WINDOWS\SYSTEM32\ntmarta.dll
0x00007ff9d28a0000 - 0x00007ff9d292f000 	C:\WINDOWS\system32\apphelp.dll
0x00007ff9a6f20000 - 0x00007ff9a70bc000 	C:\Program Files\Android\Android Studio\jre\jre\bin\awt.dll
0x00007ff9d6ca0000 - 0x00007ff9d6d64000 	C:\WINDOWS\System32\OLEAUT32.dll
0x00007ff9d2ea0000 - 0x00007ff9d2ecd000 	C:\WINDOWS\SYSTEM32\dwmapi.dll
0x00007ff9d1440000 - 0x00007ff9d1a00000 	C:\WINDOWS\SYSTEM32\d2d1.dll
0x00007ff9d2bd0000 - 0x00007ff9d2c69000 	C:\WINDOWS\system32\uxtheme.dll
0x00007ff9ce180000 - 0x00007ff9ce19e000 	C:\Users\Asus\AppData\Local\Temp\native-platform2965946432259947410dir\native-platform.dll
0x00007ff9c9ab0000 - 0x00007ff9c9ace000 	C:\Users\Asus\AppData\Local\Temp\native-platform8111622425588477968dir\native-platform.dll

VM Arguments:
jvm_args: -Xmx1536m -Dfile.encoding=windows-1251 -Duser.country=RU -Duser.language=ru -Duser.variant 
java_command: org.gradle.launcher.daemon.bootstrap.GradleDaemon 5.6.4
java_class_path (initial): C:\Users\Asus\.gradle\wrapper\dists\gradle-5.6.4-all\ankdp27end7byghfw1q2sw75f\gradle-5.6.4\lib\gradle-launcher-5.6.4.jar
Launcher Type: SUN_STANDARD

Environment Variables:
PATH=C:\ProgramData\Oracle\Java\javapath;C:\Program Files (x86)\Common Files\Oracle\Java\javapath;C:\Windows\system32;C:\Windows;C:\Windows\System32\Wbem;C:\Windows\System32\WindowsPowerShell\v1.0\;C:\Program Files (x86)\NVIDIA Corporation\PhysX\Common;C:\WINDOWS\system32;C:\WINDOWS;C:\WINDOWS\System32\Wbem;C:\WINDOWS\System32\WindowsPowerShell\v1.0\;C:\WINDOWS\System32\OpenSSH\;C:\Program Files\Microsoft VS Code\bin;C:\Program Files\Git\cmd;C:\Users\Asus\AppData\Local\Microsoft\WindowsApps;
USERNAME=Asus
OS=Windows_NT
PROCESSOR_IDENTIFIER=Intel64 Family 6 Model 94 Stepping 3, GenuineIntel



---------------  S Y S T E M  ---------------

OS: Windows 10.0 , 64 bit Build 18362 (10.0.18362.329)

CPU:total 8 (initial active 8) (4 cores per cpu, 2 threads per core) family 6 model 94 stepping 3, cmov, cx8, fxsr, mmx, sse, sse2, sse3, ssse3, sse4.1, sse4.2, popcnt, avx, avx2, aes, clmul, erms, rtm, 3dnowpref, lzcnt, ht, tsc, tscinvbit, bmi1, bmi2, adx

Memory: 4k page, physical 8281624k(318364k free), swap 14425624k(8k free)

vm_info: OpenJDK 64-Bit Server VM (25.212-b04) for windows-amd64 JRE (1.8.0_212-release-1586-b04), built by "builder" with MS VC++ 10.0 (VS2010)

time: Wed Apr 15 21:53:12 2020
timezone: RTZ 1 (зима)
elapsed time: 3301 seconds (0d 0h 55m 1s)

